Using pre-set license
Built from '2022.3/release' branch; Version is '2022.3.12f1 (4fe6e059c7ef) revision 5236448'; Using compiler version '192829333'; Build Type 'Release'
OS: 'Windows 11  (10.0.26100) 64bit CoreSingleLanguage' Language: 'en' Physical Memory: 16085 MB
BatchMode: 1, IsHumanControllingUs: 0, StartBugReporterOnCrash: 0, Is64bit: 1, IsPro: 1

COMMAND LINE ARGUMENTS:
D:\2022.3.12f1\Editor\Unity.exe
-adb2
-batchMode
-noUpm
-name
AssetImportWorker1
-projectPath
D:/HOCTAPTAIITC/Unity/MiniCombat
-logFile
Logs/AssetImportWorker1.log
-srvPort
65236
Successfully changed project path to: D:/HOCTAPTAIITC/Unity/MiniCombat
D:/HOCTAPTAIITC/Unity/MiniCombat
[UnityMemory] Configuration Parameters - Can be set up in boot.config
    "memorysetup-bucket-allocator-granularity=16"
    "memorysetup-bucket-allocator-bucket-count=8"
    "memorysetup-bucket-allocator-block-size=33554432"
    "memorysetup-bucket-allocator-block-count=8"
    "memorysetup-main-allocator-block-size=16777216"
    "memorysetup-thread-allocator-block-size=16777216"
    "memorysetup-gfx-main-allocator-block-size=16777216"
    "memorysetup-gfx-thread-allocator-block-size=16777216"
    "memorysetup-cache-allocator-block-size=4194304"
    "memorysetup-typetree-allocator-block-size=2097152"
    "memorysetup-profiler-bucket-allocator-granularity=16"
    "memorysetup-profiler-bucket-allocator-bucket-count=8"
    "memorysetup-profiler-bucket-allocator-block-size=33554432"
    "memorysetup-profiler-bucket-allocator-block-count=8"
    "memorysetup-profiler-allocator-block-size=16777216"
    "memorysetup-profiler-editor-allocator-block-size=1048576"
    "memorysetup-temp-allocator-size-main=16777216"
    "memorysetup-job-temp-allocator-block-size=2097152"
    "memorysetup-job-temp-allocator-block-size-background=1048576"
    "memorysetup-job-temp-allocator-reduction-small-platforms=262144"
    "memorysetup-allocator-temp-initial-block-size-main=262144"
    "memorysetup-allocator-temp-initial-block-size-worker=262144"
    "memorysetup-temp-allocator-size-background-worker=32768"
    "memorysetup-temp-allocator-size-job-worker=262144"
    "memorysetup-temp-allocator-size-preload-manager=33554432"
    "memorysetup-temp-allocator-size-nav-mesh-worker=65536"
    "memorysetup-temp-allocator-size-audio-worker=65536"
    "memorysetup-temp-allocator-size-cloud-worker=32768"
    "memorysetup-temp-allocator-size-gi-baking-worker=262144"
    "memorysetup-temp-allocator-size-gfx=262144"
Player connection [23960] Host "[IP] 192.168.153.162 [Port] 0 [Flags] 2 [Guid] 2801198572 [EditorId] 2801198572 [Version] 1048832 [Id] WindowsEditor(7,name) [Debug] 1 [PackageName] WindowsEditor [ProjectName] Editor" joined multi-casting on [225.0.0.222:54997]...

Player connection [23960] Host "[IP] 192.168.153.162 [Port] 0 [Flags] 2 [Guid] 2801198572 [EditorId] 2801198572 [Version] 1048832 [Id] WindowsEditor(7,name) [Debug] 1 [PackageName] WindowsEditor [ProjectName] Editor" joined alternative multi-casting on [225.0.0.222:34997]...

[Physics::Module] Initialized MultithreadedJobDispatcher with 15 workers.
Refreshing native plugins compatible for Editor in 6.70 ms, found 4 plugins.
Preloading 0 native plugins for Editor in 0.00 ms.
Initialize engine version: 2022.3.12f1 (4fe6e059c7ef)
[Subsystems] Discovering subsystems at path D:/2022.3.12f1/Editor/Data/Resources/UnitySubsystems
[Subsystems] Discovering subsystems at path D:/HOCTAPTAIITC/Unity/MiniCombat/Assets
GfxDevice: creating device client; threaded=0; jobified=0
Direct3D:
    Version:  Direct3D 11.0 [level 11.1]
    Renderer: NVIDIA GeForce RTX 3050 Laptop GPU (ID=0x25a2)
    Vendor:   NVIDIA
    VRAM:     3965 MB
    Driver:   32.0.15.6636
Initialize mono
Mono path[0] = 'D:/2022.3.12f1/Editor/Data/Managed'
Mono path[1] = 'D:/2022.3.12f1/Editor/Data/MonoBleedingEdge/lib/mono/unityjit-win32'
Mono config path = 'D:/2022.3.12f1/Editor/Data/MonoBleedingEdge/etc'
Using monoOptions --debugger-agent=transport=dt_socket,embedding=1,server=y,suspend=n,address=127.0.0.1:56784
Begin MonoManager ReloadAssembly
Registering precompiled unity dll's ...
Register platform support module: D:/2022.3.12f1/Editor/Data/PlaybackEngines/AndroidPlayer/UnityEditor.Android.Extensions.dll
Register platform support module: D:/2022.3.12f1/Editor/Data/PlaybackEngines/WindowsStandaloneSupport/UnityEditor.WindowsStandalone.Extensions.dll
Registered in 0.002456 seconds.
- Loaded All Assemblies, in  0.286 seconds
Native extension for WindowsStandalone target not found
Native extension for Android target not found
Android Extension - Scanning For ADB Devices 229 ms
Mono: successfully reloaded assembly
- Finished resetting the current domain, in  0.495 seconds
Domain Reload Profiling: 781ms
	BeginReloadAssembly (92ms)
		ExecutionOrderSort (0ms)
		DisableScriptedObjects (0ms)
		BackupInstance (0ms)
		ReleaseScriptingObjects (0ms)
		CreateAndSetChildDomain (1ms)
	RebuildCommonClasses (28ms)
	RebuildNativeTypeToScriptingClass (9ms)
	initialDomainReloadingComplete (39ms)
	LoadAllAssembliesAndSetupDomain (117ms)
		LoadAssemblies (92ms)
		RebuildTransferFunctionScriptingTraits (0ms)
		AnalyzeDomain (116ms)
			TypeCache.Refresh (115ms)
				TypeCache.ScanAssembly (103ms)
			ScanForSourceGeneratedMonoScriptInfo (0ms)
			ResolveRequiredComponents (0ms)
	FinalizeReload (495ms)
		ReleaseScriptCaches (0ms)
		RebuildScriptCaches (0ms)
		SetupLoadedEditorAssemblies (447ms)
			LogAssemblyErrors (0ms)
			InitializePlatformSupportModulesInManaged (322ms)
			SetLoadedEditorAssemblies (4ms)
			RefreshPlugins (0ms)
			BeforeProcessingInitializeOnLoad (2ms)
			ProcessInitializeOnLoadAttributes (81ms)
			ProcessInitializeOnLoadMethodAttributes (38ms)
			AfterProcessingInitializeOnLoad (0ms)
			EditorAssembliesLoaded (0ms)
		ExecutionOrderSort2 (0ms)
		AwakeInstancesAfterBackupRestoration (0ms)
========================================================================
Worker process is ready to serve import requests
Begin MonoManager ReloadAssembly
- Loaded All Assemblies, in  0.598 seconds
Refreshing native plugins compatible for Editor in 2.99 ms, found 4 plugins.
Native extension for WindowsStandalone target not found
Native extension for Android target not found
Package Manager log level set to [2]
[Package Manager] Server::EnsureServerProcessIsRunning -- launch failed, reason: Unity was launched with the -noUpm command-line argument
[Package Manager] UpmClient::Send -- Unable to send message (not connected to UPM process).
[Package Manager] Cannot connect to Unity Package Manager local server
Mono: successfully reloaded assembly
- Finished resetting the current domain, in  0.815 seconds
Domain Reload Profiling: 1412ms
	BeginReloadAssembly (123ms)
		ExecutionOrderSort (0ms)
		DisableScriptedObjects (5ms)
		BackupInstance (0ms)
		ReleaseScriptingObjects (0ms)
		CreateAndSetChildDomain (20ms)
	RebuildCommonClasses (28ms)
	RebuildNativeTypeToScriptingClass (9ms)
	initialDomainReloadingComplete (36ms)
	LoadAllAssembliesAndSetupDomain (401ms)
		LoadAssemblies (297ms)
		RebuildTransferFunctionScriptingTraits (0ms)
		AnalyzeDomain (175ms)
			TypeCache.Refresh (148ms)
				TypeCache.ScanAssembly (130ms)
			ScanForSourceGeneratedMonoScriptInfo (19ms)
			ResolveRequiredComponents (5ms)
	FinalizeReload (815ms)
		ReleaseScriptCaches (0ms)
		RebuildScriptCaches (0ms)
		SetupLoadedEditorAssemblies (644ms)
			LogAssemblyErrors (0ms)
			InitializePlatformSupportModulesInManaged (21ms)
			SetLoadedEditorAssemblies (4ms)
			RefreshPlugins (0ms)
			BeforeProcessingInitializeOnLoad (73ms)
			ProcessInitializeOnLoadAttributes (512ms)
			ProcessInitializeOnLoadMethodAttributes (32ms)
			AfterProcessingInitializeOnLoad (2ms)
			EditorAssembliesLoaded (0ms)
		ExecutionOrderSort2 (0ms)
		AwakeInstancesAfterBackupRestoration (7ms)
Launched and connected shader compiler UnityShaderCompiler.exe after 0.05 seconds
Refreshing native plugins compatible for Editor in 2.91 ms, found 4 plugins.
Preloading 0 native plugins for Editor in 0.00 ms.
Unloading 4247 Unused Serialized files (Serialized files now loaded: 0)
Unloading 83 unused Assets / (317.8 KB). Loaded Objects now: 4712.
Memory consumption went from 157.9 MB to 157.6 MB.
Total: 4.132500 ms (FindLiveObjects: 0.314700 ms CreateObjectMapping: 0.153800 ms MarkObjects: 3.402300 ms  DeleteObjects: 0.257200 ms)

AssetImportParameters requested are different than current active one (requested -> active):
  custom:container-demuxer-ogg: 62fdf1f143b41e24485cea50d1cbac27 -> 
  custom:video-decoder-ogg-theora: a1e56fd34408186e4bbccfd4996cb3dc -> 
  custom:framework-win-MediaFoundation: 216162199b28c13a410421893ffa2e32 -> 
  custom:CustomObjectIndexerAttribute: 756ad292c208cfabdd7b50bc23989ffe -> 
  custom:container-demuxer-webm: 4f35f7cbe854078d1ac9338744f61a02 -> 
  custom:container-muxer-webm: aa71ff27fc2769a1b78a27578f13a17b -> 
  custom:video-decoder-webm-vp8: 9c59270c3fd7afecdb556c50c9e8de78 -> 
  custom:SearchIndexIgnoredProperties: e643bd26f0fe6173181afceb89e7c659 -> 
  custom:AudioImporter_EditorPlatform: d09bf68614088b80899f8185d706f6e7 -> 
  custom:video-encoder-webm-vp8: eb34c28f22e8b96e1ab97ce403110664 -> 
  custom:audio-decoder-ogg-vorbis: bf7c407c2cedff20999df2af8eb42d56 -> 
  custom:audio-encoder-webm-vorbis: bf7c407c2cedff20999df2af8eb42d56 -> 
========================================================================
Received Import Request.
  Time since last request: 261526.420746 seconds.
  path: Assets/Scenes/Menu.unity
  artifactKey: Guid(019761afb6f9a544db5cae5dec2bbe1f) Importer(815301076,1909f56bfc062723c751e8b465ee728b)
Start importing Assets/Scenes/Menu.unity using Guid(019761afb6f9a544db5cae5dec2bbe1f) Importer(815301076,1909f56bfc062723c751e8b465ee728b)  -> (artifact id: '73dabefc7b3984e3bb896d1fd7bfb637') in 0.002625 seconds
Number of updated asset objects reloaded before import = 0
Number of asset objects unloaded after import = 0
========================================================================
Received Prepare
Begin MonoManager ReloadAssembly
- Loaded All Assemblies, in  0.379 seconds
Refreshing native plugins compatible for Editor in 2.95 ms, found 4 plugins.
Native extension for WindowsStandalone target not found
Native extension for Android target not found
[Package Manager] Server::EnsureServerProcessIsRunning -- launch failed, reason: Unity was launched with the -noUpm command-line argument
[Package Manager] UpmClient::Send -- Unable to send message (not connected to UPM process).
[Package Manager] Cannot connect to Unity Package Manager local server
Mono: successfully reloaded assembly
- Finished resetting the current domain, in  0.981 seconds
Domain Reload Profiling: 1360ms
	BeginReloadAssembly (142ms)
		ExecutionOrderSort (0ms)
		DisableScriptedObjects (9ms)
		BackupInstance (0ms)
		ReleaseScriptingObjects (0ms)
		CreateAndSetChildDomain (33ms)
	RebuildCommonClasses (35ms)
	RebuildNativeTypeToScriptingClass (9ms)
	initialDomainReloadingComplete (24ms)
	LoadAllAssembliesAndSetupDomain (167ms)
		LoadAssemblies (231ms)
		RebuildTransferFunctionScriptingTraits (0ms)
		AnalyzeDomain (13ms)
			TypeCache.Refresh (6ms)
				TypeCache.ScanAssembly (0ms)
			ScanForSourceGeneratedMonoScriptInfo (0ms)
			ResolveRequiredComponents (5ms)
	FinalizeReload (982ms)
		ReleaseScriptCaches (0ms)
		RebuildScriptCaches (0ms)
		SetupLoadedEditorAssemblies (551ms)
			LogAssemblyErrors (0ms)
			InitializePlatformSupportModulesInManaged (17ms)
			SetLoadedEditorAssemblies (5ms)
			RefreshPlugins (0ms)
			BeforeProcessingInitializeOnLoad (56ms)
			ProcessInitializeOnLoadAttributes (446ms)
			ProcessInitializeOnLoadMethodAttributes (24ms)
			AfterProcessingInitializeOnLoad (2ms)
			EditorAssembliesLoaded (0ms)
		ExecutionOrderSort2 (0ms)
		AwakeInstancesAfterBackupRestoration (11ms)
Refreshing native plugins compatible for Editor in 2.30 ms, found 4 plugins.
Preloading 0 native plugins for Editor in 0.00 ms.
Unloading 4226 Unused Serialized files (Serialized files now loaded: 0)
Unloading 43 unused Assets / (289.0 KB). Loaded Objects now: 4729.
Memory consumption went from 154.2 MB to 153.9 MB.
Total: 3.688700 ms (FindLiveObjects: 0.265900 ms CreateObjectMapping: 0.138500 ms MarkObjects: 3.056500 ms  DeleteObjects: 0.226600 ms)

Prepare: number of updated asset objects reloaded= 0
AssetImportParameters requested are different than current active one (requested -> active):
  custom:container-demuxer-ogg: 62fdf1f143b41e24485cea50d1cbac27 -> 
  custom:video-decoder-ogg-theora: a1e56fd34408186e4bbccfd4996cb3dc -> 
  custom:framework-win-MediaFoundation: 216162199b28c13a410421893ffa2e32 -> 
  custom:CustomObjectIndexerAttribute: 756ad292c208cfabdd7b50bc23989ffe -> 
  custom:container-demuxer-webm: 4f35f7cbe854078d1ac9338744f61a02 -> 
  custom:container-muxer-webm: aa71ff27fc2769a1b78a27578f13a17b -> 
  custom:video-decoder-webm-vp8: 9c59270c3fd7afecdb556c50c9e8de78 -> 
  custom:SearchIndexIgnoredProperties: e643bd26f0fe6173181afceb89e7c659 -> 
  custom:AudioImporter_EditorPlatform: d09bf68614088b80899f8185d706f6e7 -> 
  custom:video-encoder-webm-vp8: eb34c28f22e8b96e1ab97ce403110664 -> 
  custom:audio-decoder-ogg-vorbis: bf7c407c2cedff20999df2af8eb42d56 -> 
  custom:audio-encoder-webm-vorbis: bf7c407c2cedff20999df2af8eb42d56 -> 
========================================================================
Received Import Request.
  Time since last request: 500.076240 seconds.
  path: Assets/karsiori/TileMap/Decorations/BUSH FOREGROUND 1-2.png
  artifactKey: Guid(172cec936be54c1419615eb2b96b32a5) Importer(815301076,1909f56bfc062723c751e8b465ee728b)
Start importing Assets/karsiori/TileMap/Decorations/BUSH FOREGROUND 1-2.png using Guid(172cec936be54c1419615eb2b96b32a5) Importer(815301076,1909f56bfc062723c751e8b465ee728b)  -> (artifact id: 'd51a97e80567db2e7aa0d7ef29f04c18') in 0.083790 seconds
Number of updated asset objects reloaded before import = 0
Number of asset objects unloaded after import = 3
========================================================================
Received Import Request.
  Time since last request: 0.000039 seconds.
  path: Assets/karsiori/TileMap/Decorations/BUSH FOREGROUND 1-4.png
  artifactKey: Guid(204aa51c2bf1ec24581c9d3474d90682) Importer(815301076,1909f56bfc062723c751e8b465ee728b)
Start importing Assets/karsiori/TileMap/Decorations/BUSH FOREGROUND 1-4.png using Guid(204aa51c2bf1ec24581c9d3474d90682) Importer(815301076,1909f56bfc062723c751e8b465ee728b)  -> (artifact id: '9502f57803d202624a9084c9e1f201cb') in 0.019721 seconds
Number of updated asset objects reloaded before import = 0
Number of asset objects unloaded after import = 3
========================================================================
Received Import Request.
  Time since last request: 0.000019 seconds.
  path: Assets/karsiori/TileMap/Decorations/GRASS 2-1.png
  artifactKey: Guid(978dc763e47067149be399903ad6addb) Importer(815301076,1909f56bfc062723c751e8b465ee728b)
Start importing Assets/karsiori/TileMap/Decorations/GRASS 2-1.png using Guid(978dc763e47067149be399903ad6addb) Importer(815301076,1909f56bfc062723c751e8b465ee728b)  -> (artifact id: '4c9039a91251cf8702389569d43b226c') in 0.018293 seconds
Number of updated asset objects reloaded before import = 0
Number of asset objects unloaded after import = 3
========================================================================
Received Import Request.
  Time since last request: 0.000027 seconds.
  path: Assets/karsiori/TileMap/Decorations/MUSHROOM 2-1.png
  artifactKey: Guid(bf1ec6d0f702cf64aa0dcef1dde074e1) Importer(815301076,1909f56bfc062723c751e8b465ee728b)
Start importing Assets/karsiori/TileMap/Decorations/MUSHROOM 2-1.png using Guid(bf1ec6d0f702cf64aa0dcef1dde074e1) Importer(815301076,1909f56bfc062723c751e8b465ee728b)  -> (artifact id: '42395f56c59f67499b791f6964d8ada2') in 0.020072 seconds
Number of updated asset objects reloaded before import = 0
Number of asset objects unloaded after import = 3
========================================================================
Received Import Request.
  Time since last request: 0.000031 seconds.
  path: Assets/karsiori/TileMap/Decorations/GRASS 3-2.png
  artifactKey: Guid(86647a41d202c7d42bb73668e9f329b0) Importer(815301076,1909f56bfc062723c751e8b465ee728b)
Start importing Assets/karsiori/TileMap/Decorations/GRASS 3-2.png using Guid(86647a41d202c7d42bb73668e9f329b0) Importer(815301076,1909f56bfc062723c751e8b465ee728b)  -> (artifact id: 'e59a1875fe78c3121ba9aa2e21862adc') in 0.018571 seconds
Number of updated asset objects reloaded before import = 0
Number of asset objects unloaded after import = 3
========================================================================
Received Import Request.
  Time since last request: 0.000019 seconds.
  path: Assets/karsiori/TileMap/Decorations/MUSHROOM 1-1.png
  artifactKey: Guid(d45bba719c38eef499144f2e7a1d042f) Importer(815301076,1909f56bfc062723c751e8b465ee728b)
Start importing Assets/karsiori/TileMap/Decorations/MUSHROOM 1-1.png using Guid(d45bba719c38eef499144f2e7a1d042f) Importer(815301076,1909f56bfc062723c751e8b465ee728b)  -> (artifact id: '164e6194b6360622bdf6f41a9addcbab') in 0.020422 seconds
Number of updated asset objects reloaded before import = 0
Number of asset objects unloaded after import = 3
========================================================================
Received Import Request.
  Time since last request: 0.000025 seconds.
  path: Assets/karsiori/TileMap/Decorations/GRASS 3-1.png
  artifactKey: Guid(99da83ba741f67f499ae9ac3544776b5) Importer(815301076,1909f56bfc062723c751e8b465ee728b)
Start importing Assets/karsiori/TileMap/Decorations/GRASS 3-1.png using Guid(99da83ba741f67f499ae9ac3544776b5) Importer(815301076,1909f56bfc062723c751e8b465ee728b)  -> (artifact id: '1e820f3b82f89ca4c5d07982ca0c936b') in 0.017063 seconds
Number of updated asset objects reloaded before import = 0
Number of asset objects unloaded after import = 3
========================================================================
Received Import Request.
  Time since last request: 0.000041 seconds.
  path: Assets/karsiori/TileMap/Decorations/BUSH FOREGROUND 1-6.png
  artifactKey: Guid(052ccebcbaae6204f803204b2645d91c) Importer(815301076,1909f56bfc062723c751e8b465ee728b)
Start importing Assets/karsiori/TileMap/Decorations/BUSH FOREGROUND 1-6.png using Guid(052ccebcbaae6204f803204b2645d91c) Importer(815301076,1909f56bfc062723c751e8b465ee728b)  -> (artifact id: 'e9a7c8eab9df5653a002bb2ebead92ec') in 0.019388 seconds
Number of updated asset objects reloaded before import = 0
Number of asset objects unloaded after import = 3
========================================================================
Received Import Request.
  Time since last request: 4.726898 seconds.
  path: Assets/karsiori/TileMap/Backgrounds/VINES - Second.png
  artifactKey: Guid(c3909c99bf845a24db9a162d677b6398) Importer(815301076,1909f56bfc062723c751e8b465ee728b)
Start importing Assets/karsiori/TileMap/Backgrounds/VINES - Second.png using Guid(c3909c99bf845a24db9a162d677b6398) Importer(815301076,1909f56bfc062723c751e8b465ee728b)  -> (artifact id: '2374b722c33002a3392587e4c9eaf27d') in 0.028419 seconds
Number of updated asset objects reloaded before import = 0
Number of asset objects unloaded after import = 3
========================================================================
Received Import Request.
  Time since last request: 0.000037 seconds.
  path: Assets/karsiori/TileMap/Backgrounds/WOODS - Fourth.png
  artifactKey: Guid(0e8e998796118084d8b33b5085a3560b) Importer(815301076,1909f56bfc062723c751e8b465ee728b)
Start importing Assets/karsiori/TileMap/Backgrounds/WOODS - Fourth.png using Guid(0e8e998796118084d8b33b5085a3560b) Importer(815301076,1909f56bfc062723c751e8b465ee728b)  -> (artifact id: '0c5b3e2acba5057f16c93dd36ad6a555') in 0.027225 seconds
Number of updated asset objects reloaded before import = 0
Number of asset objects unloaded after import = 3
========================================================================
Received Import Request.
  Time since last request: 0.000037 seconds.
  path: Assets/karsiori/TileMap/Backgrounds/WOODS - Third.png
  artifactKey: Guid(45367da5e1f745b4daacb977484a3704) Importer(815301076,1909f56bfc062723c751e8b465ee728b)
Start importing Assets/karsiori/TileMap/Backgrounds/WOODS - Third.png using Guid(45367da5e1f745b4daacb977484a3704) Importer(815301076,1909f56bfc062723c751e8b465ee728b)  -> (artifact id: '1ef46c8351abe6699c653d1dc2b0de5e') in 0.019963 seconds
Number of updated asset objects reloaded before import = 0
Number of asset objects unloaded after import = 3
========================================================================
Received Import Request.
  Time since last request: 4.449910 seconds.
  path: Assets/karsiori/TileMap/Tiles/Tilesheet - WOODS_0.asset
  artifactKey: Guid(ad573af9e5caa10478408d2df852f5f8) Importer(815301076,1909f56bfc062723c751e8b465ee728b)
Start importing Assets/karsiori/TileMap/Tiles/Tilesheet - WOODS_0.asset using Guid(ad573af9e5caa10478408d2df852f5f8) Importer(815301076,1909f56bfc062723c751e8b465ee728b)  -> (artifact id: 'ad931cbea6468d4ea8d0dc25feac4448') in 0.019509 seconds
Number of updated asset objects reloaded before import = 0
Number of asset objects unloaded after import = 3
========================================================================
Received Import Request.
  Time since last request: 0.000020 seconds.
  path: Assets/karsiori/TileMap/Tiles/Tilesheet - WOODS_20.asset
  artifactKey: Guid(a67930f876cbfed41b64d76170a83c9a) Importer(815301076,1909f56bfc062723c751e8b465ee728b)
Start importing Assets/karsiori/TileMap/Tiles/Tilesheet - WOODS_20.asset using Guid(a67930f876cbfed41b64d76170a83c9a) Importer(815301076,1909f56bfc062723c751e8b465ee728b)  -> (artifact id: 'f94880000187dfc0786983b302b50d81') in 0.013371 seconds
Number of updated asset objects reloaded before import = 0
Number of asset objects unloaded after import = 3
========================================================================
Received Import Request.
  Time since last request: 0.000028 seconds.
  path: Assets/karsiori/TileMap/Tiles/Tilesheet - WOODS_21.asset
  artifactKey: Guid(f9c7ab8d3aab8cb448dd7810f6cabdb4) Importer(815301076,1909f56bfc062723c751e8b465ee728b)
Start importing Assets/karsiori/TileMap/Tiles/Tilesheet - WOODS_21.asset using Guid(f9c7ab8d3aab8cb448dd7810f6cabdb4) Importer(815301076,1909f56bfc062723c751e8b465ee728b)  -> (artifact id: '55d044eca93e8875ba7fcb48daea6eba') in 0.012672 seconds
Number of updated asset objects reloaded before import = 0
Number of asset objects unloaded after import = 3
========================================================================
Received Import Request.
  Time since last request: 0.000022 seconds.
  path: Assets/karsiori/TileMap/Tiles/Tilesheet - WOODS_5.asset
  artifactKey: Guid(1cd5e881e4eb82544855bfe735525acf) Importer(815301076,1909f56bfc062723c751e8b465ee728b)
Start importing Assets/karsiori/TileMap/Tiles/Tilesheet - WOODS_5.asset using Guid(1cd5e881e4eb82544855bfe735525acf) Importer(815301076,1909f56bfc062723c751e8b465ee728b)  -> (artifact id: '7522bf483225c89ed457096fa12f2f3c') in 0.016247 seconds
Number of updated asset objects reloaded before import = 0
Number of asset objects unloaded after import = 3
========================================================================
Received Import Request.
  Time since last request: 0.000020 seconds.
  path: Assets/karsiori/TileMap/Tiles/Tilesheet - WOODS_27.asset
  artifactKey: Guid(de486fe804d2dc647845caefa2b7415c) Importer(815301076,1909f56bfc062723c751e8b465ee728b)
Start importing Assets/karsiori/TileMap/Tiles/Tilesheet - WOODS_27.asset using Guid(de486fe804d2dc647845caefa2b7415c) Importer(815301076,1909f56bfc062723c751e8b465ee728b)  -> (artifact id: 'ed80b516695580258127ef00642b2ba3') in 0.015070 seconds
Number of updated asset objects reloaded before import = 0
Number of asset objects unloaded after import = 3
========================================================================
Received Import Request.
  Time since last request: 0.000019 seconds.
  path: Assets/karsiori/TileMap/Tiles/Tilesheet - WOODS_28.asset
  artifactKey: Guid(c30676a20468f1343b7f6687ccafa51b) Importer(815301076,1909f56bfc062723c751e8b465ee728b)
Start importing Assets/karsiori/TileMap/Tiles/Tilesheet - WOODS_28.asset using Guid(c30676a20468f1343b7f6687ccafa51b) Importer(815301076,1909f56bfc062723c751e8b465ee728b)  -> (artifact id: 'a70877da3aeaae72bfbfeba23b2cfe95') in 0.011757 seconds
Number of updated asset objects reloaded before import = 0
Number of asset objects unloaded after import = 3
========================================================================
Received Import Request.
  Time since last request: 0.000018 seconds.
  path: Assets/karsiori/TileMap/Tiles/Tilesheet - WOODS_16.asset
  artifactKey: Guid(425ac411c33352a489e445a32f1d7a98) Importer(815301076,1909f56bfc062723c751e8b465ee728b)
Start importing Assets/karsiori/TileMap/Tiles/Tilesheet - WOODS_16.asset using Guid(425ac411c33352a489e445a32f1d7a98) Importer(815301076,1909f56bfc062723c751e8b465ee728b)  -> (artifact id: '3f1d185ec933f15732c07d91ef2f21c2') in 0.012024 seconds
Number of updated asset objects reloaded before import = 0
Number of asset objects unloaded after import = 3
========================================================================
Received Import Request.
  Time since last request: 0.000018 seconds.
  path: Assets/karsiori/TileMap/Tiles/Tilesheet - WOODS_13.asset
  artifactKey: Guid(0093f13f48b3cd24dad4ba4d67cd8409) Importer(815301076,1909f56bfc062723c751e8b465ee728b)
Start importing Assets/karsiori/TileMap/Tiles/Tilesheet - WOODS_13.asset using Guid(0093f13f48b3cd24dad4ba4d67cd8409) Importer(815301076,1909f56bfc062723c751e8b465ee728b)  -> (artifact id: '0fb1572119510a00415ce18bbeadfaea') in 0.012227 seconds
Number of updated asset objects reloaded before import = 0
Number of asset objects unloaded after import = 3
========================================================================
Received Import Request.
  Time since last request: 0.000032 seconds.
  path: Assets/karsiori/TileMap/Tiles/Tilesheet - WOODS_15.asset
  artifactKey: Guid(7af7730f48b4b8643b73e4bb36b8d351) Importer(815301076,1909f56bfc062723c751e8b465ee728b)
Start importing Assets/karsiori/TileMap/Tiles/Tilesheet - WOODS_15.asset using Guid(7af7730f48b4b8643b73e4bb36b8d351) Importer(815301076,1909f56bfc062723c751e8b465ee728b)  -> (artifact id: '11e012ac5744e53cecf58fcf2e9d699d') in 0.014294 seconds
Number of updated asset objects reloaded before import = 0
Number of asset objects unloaded after import = 3
========================================================================
Received Import Request.
  Time since last request: 0.000024 seconds.
  path: Assets/karsiori/TileMap/Tiles/Tilesheet - WOODS_22.asset
  artifactKey: Guid(918b83baafdb8df4fb83a2a397fdfb9a) Importer(815301076,1909f56bfc062723c751e8b465ee728b)
Start importing Assets/karsiori/TileMap/Tiles/Tilesheet - WOODS_22.asset using Guid(918b83baafdb8df4fb83a2a397fdfb9a) Importer(815301076,1909f56bfc062723c751e8b465ee728b)  -> (artifact id: 'b976910ba51ff28dbbb0780b7af3fe73') in 0.018268 seconds
Number of updated asset objects reloaded before import = 0
Number of asset objects unloaded after import = 3
========================================================================
Received Import Request.
  Time since last request: 0.000045 seconds.
  path: Assets/karsiori/TileMap/Tiles/Tilesheet - WOODS_7.asset
  artifactKey: Guid(06a13e209e31d4e4783bef0cf85ff5e9) Importer(815301076,1909f56bfc062723c751e8b465ee728b)
Start importing Assets/karsiori/TileMap/Tiles/Tilesheet - WOODS_7.asset using Guid(06a13e209e31d4e4783bef0cf85ff5e9) Importer(815301076,1909f56bfc062723c751e8b465ee728b)  -> (artifact id: '888eff37adb286d4656b2ebd6598b112') in 0.012571 seconds
Number of updated asset objects reloaded before import = 0
Number of asset objects unloaded after import = 3
========================================================================
Received Import Request.
  Time since last request: 0.654115 seconds.
  path: Assets/karsiori/TileMap/Tiles/Tilesheet - WOODS_31.asset
  artifactKey: Guid(1837ddfc38e26874c8fbf33413a4fe28) Importer(815301076,1909f56bfc062723c751e8b465ee728b)
Start importing Assets/karsiori/TileMap/Tiles/Tilesheet - WOODS_31.asset using Guid(1837ddfc38e26874c8fbf33413a4fe28) Importer(815301076,1909f56bfc062723c751e8b465ee728b)  -> (artifact id: '3e5e4f395b228ed8687137280e63f522') in 0.019350 seconds
Number of updated asset objects reloaded before import = 0
Number of asset objects unloaded after import = 3
========================================================================
Received Import Request.
  Time since last request: 0.000033 seconds.
  path: Assets/karsiori/TileMap/Tiles/Tilesheet - WOODS_38.asset
  artifactKey: Guid(252ca5911690afc41a21c9886b175631) Importer(815301076,1909f56bfc062723c751e8b465ee728b)
Start importing Assets/karsiori/TileMap/Tiles/Tilesheet - WOODS_38.asset using Guid(252ca5911690afc41a21c9886b175631) Importer(815301076,1909f56bfc062723c751e8b465ee728b)  -> (artifact id: 'd21909d2ce7a26f020d8e4c0806cee65') in 0.012489 seconds
Number of updated asset objects reloaded before import = 0
Number of asset objects unloaded after import = 3
========================================================================
Received Import Request.
  Time since last request: 0.000018 seconds.
  path: Assets/karsiori/TileMap/Tiles/Tilesheet - WOODS_33.asset
  artifactKey: Guid(0aa13be0b5503e44994aa2ccd46e3e8d) Importer(815301076,1909f56bfc062723c751e8b465ee728b)
Start importing Assets/karsiori/TileMap/Tiles/Tilesheet - WOODS_33.asset using Guid(0aa13be0b5503e44994aa2ccd46e3e8d) Importer(815301076,1909f56bfc062723c751e8b465ee728b)  -> (artifact id: '7472ac9ebc006a1af511e9fc47b4e57b') in 0.013567 seconds
Number of updated asset objects reloaded before import = 0
Number of asset objects unloaded after import = 3
========================================================================
Received Import Request.
  Time since last request: 0.045742 seconds.
  path: Assets/karsiori/TileMap/Tiles/Tilesheet - WOODS_41.asset
  artifactKey: Guid(8775055d9fe32894fb2d26875a9620eb) Importer(815301076,1909f56bfc062723c751e8b465ee728b)
Start importing Assets/karsiori/TileMap/Tiles/Tilesheet - WOODS_41.asset using Guid(8775055d9fe32894fb2d26875a9620eb) Importer(815301076,1909f56bfc062723c751e8b465ee728b)  -> (artifact id: 'd476023a887882fa6c6709af974e93c5') in 0.014816 seconds
Number of updated asset objects reloaded before import = 0
Number of asset objects unloaded after import = 3
========================================================================
Received Import Request.
  Time since last request: 0.000015 seconds.
  path: Assets/karsiori/TileMap/Tiles/Tilesheet - WOODS_47.asset
  artifactKey: Guid(0ea48912424104240be41a1239c51dcb) Importer(815301076,1909f56bfc062723c751e8b465ee728b)
Start importing Assets/karsiori/TileMap/Tiles/Tilesheet - WOODS_47.asset using Guid(0ea48912424104240be41a1239c51dcb) Importer(815301076,1909f56bfc062723c751e8b465ee728b)  -> (artifact id: '84ce01a636bac224421dcbbde294fa5e') in 0.015906 seconds
Number of updated asset objects reloaded before import = 0
Number of asset objects unloaded after import = 3
========================================================================
Received Import Request.
  Time since last request: 15.800469 seconds.
  path: Assets/karsiori/TileMap/Tiles/Tilesheet - WOODS_52.asset
  artifactKey: Guid(e0776e8f174f6b640b7fa4e9bf1b9187) Importer(815301076,1909f56bfc062723c751e8b465ee728b)
Start importing Assets/karsiori/TileMap/Tiles/Tilesheet - WOODS_52.asset using Guid(e0776e8f174f6b640b7fa4e9bf1b9187) Importer(815301076,1909f56bfc062723c751e8b465ee728b)  -> (artifact id: '1a39c8c3433f6fd07364ae62277315d3') in 0.016340 seconds
Number of updated asset objects reloaded before import = 0
Number of asset objects unloaded after import = 3
========================================================================
Received Import Request.
  Time since last request: 0.000016 seconds.
  path: Assets/karsiori/TileMap/Tiles/Tilesheet - WOODS_58.asset
  artifactKey: Guid(04d699b0e5568554f9e270084254616e) Importer(815301076,1909f56bfc062723c751e8b465ee728b)
Start importing Assets/karsiori/TileMap/Tiles/Tilesheet - WOODS_58.asset using Guid(04d699b0e5568554f9e270084254616e) Importer(815301076,1909f56bfc062723c751e8b465ee728b)  -> (artifact id: '3ff66d22b9165801a0705bf02c5daa2f') in 0.016309 seconds
Number of updated asset objects reloaded before import = 0
Number of asset objects unloaded after import = 3
========================================================================
Received Import Request.
  Time since last request: 0.019480 seconds.
  path: Assets/karsiori/TileMap/Tiles/Tilesheet - WOODS_62.asset
  artifactKey: Guid(faea2e6c5379be3489f734414daa59f7) Importer(815301076,1909f56bfc062723c751e8b465ee728b)
Start importing Assets/karsiori/TileMap/Tiles/Tilesheet - WOODS_62.asset using Guid(faea2e6c5379be3489f734414daa59f7) Importer(815301076,1909f56bfc062723c751e8b465ee728b)  -> (artifact id: 'ea6315e4939da79e44b679c137e059b0') in 0.017667 seconds
Number of updated asset objects reloaded before import = 0
Number of asset objects unloaded after import = 3
========================================================================
Received Import Request.
  Time since last request: 0.000023 seconds.
  path: Assets/karsiori/TileMap/Tiles/Tilesheet - WOODS_65.asset
  artifactKey: Guid(9a2c4bd459586f145acf8cedccb4af24) Importer(815301076,1909f56bfc062723c751e8b465ee728b)
Start importing Assets/karsiori/TileMap/Tiles/Tilesheet - WOODS_65.asset using Guid(9a2c4bd459586f145acf8cedccb4af24) Importer(815301076,1909f56bfc062723c751e8b465ee728b)  -> (artifact id: '7e5cf5b9899de1cc3aa26cf13f384404') in 0.014488 seconds
Number of updated asset objects reloaded before import = 0
Number of asset objects unloaded after import = 3
========================================================================
Received Import Request.
  Time since last request: 0.006399 seconds.
  path: Assets/karsiori/TileMap/Tiles/Tilesheet - WOODS_72.asset
  artifactKey: Guid(35a002b44883d0942929e424d3c5bb5e) Importer(815301076,1909f56bfc062723c751e8b465ee728b)
Start importing Assets/karsiori/TileMap/Tiles/Tilesheet - WOODS_72.asset using Guid(35a002b44883d0942929e424d3c5bb5e) Importer(815301076,1909f56bfc062723c751e8b465ee728b)  -> (artifact id: '0f2cb65c2314c2108bef826f919f74dd') in 0.014597 seconds
Number of updated asset objects reloaded before import = 0
Number of asset objects unloaded after import = 3
========================================================================
Received Import Request.
  Time since last request: 0.000018 seconds.
  path: Assets/karsiori/TileMap/Tiles/Tilesheet - WOODS_79.asset
  artifactKey: Guid(5441669cb4f05af4d982b009bc284d13) Importer(815301076,1909f56bfc062723c751e8b465ee728b)
Start importing Assets/karsiori/TileMap/Tiles/Tilesheet - WOODS_79.asset using Guid(5441669cb4f05af4d982b009bc284d13) Importer(815301076,1909f56bfc062723c751e8b465ee728b)  -> (artifact id: 'b172f57db7f007317970bce43b71f93c') in 0.007070 seconds
Number of updated asset objects reloaded before import = 0
Number of asset objects unloaded after import = 3
========================================================================
Received Import Request.
  Time since last request: 0.000017 seconds.
  path: Assets/karsiori/TileMap/Tiles/Tilesheet - WOODS_77.asset
  artifactKey: Guid(a9f503f4786af684da1de1c801b84e65) Importer(815301076,1909f56bfc062723c751e8b465ee728b)
Start importing Assets/karsiori/TileMap/Tiles/Tilesheet - WOODS_77.asset using Guid(a9f503f4786af684da1de1c801b84e65) Importer(815301076,1909f56bfc062723c751e8b465ee728b)  -> (artifact id: 'ba81f1d17cc0ec869fd3593a61c24fe6') in 0.011693 seconds
Number of updated asset objects reloaded before import = 0
Number of asset objects unloaded after import = 3
========================================================================
Received Import Request.
  Time since last request: 0.157119 seconds.
  path: Assets/karsiori/TileMap/Tiles/Tilesheet - WOODS_82.asset
  artifactKey: Guid(835b8a97f0f3e39488efffa1c3baeb14) Importer(815301076,1909f56bfc062723c751e8b465ee728b)
Start importing Assets/karsiori/TileMap/Tiles/Tilesheet - WOODS_82.asset using Guid(835b8a97f0f3e39488efffa1c3baeb14) Importer(815301076,1909f56bfc062723c751e8b465ee728b)  -> (artifact id: '39c976731f48f5faadfa08e10ece2f5c') in 0.017468 seconds
Number of updated asset objects reloaded before import = 0
Number of asset objects unloaded after import = 3
Editor requested this worker to shutdown with reason: Scaling down because of idle timeout
TcpMessagingSession - receive error: operation aborted. errorcode: 995, details: The I/O operation has been aborted because of either a thread exit or an application request.
AssetImportWorker is now disconnected from the server
Process exiting
Exiting without the bug reporter. Application will terminate with return code 0